Time resolution is 1 ps
[38;5;166mPASS PATTERN NO.   1[00m CYCLE:  99
[38;5;136mPASS PATTERN NO.   2[00m CYCLE:  68
[38;5;106mPASS PATTERN NO.   3[00m CYCLE: 106
[38;5;76mPASS PATTERN NO.   4[00m CYCLE: 106
[38;5;46mPASS PATTERN NO.   5[00m CYCLE: 136
[38;5;41mPASS PATTERN NO.   6[00m CYCLE: 120
[38;5;36mPASS PATTERN NO.   7[00m CYCLE: 126
[38;5;31mPASS PATTERN NO.   8[00m CYCLE:  76
[38;5;26mPASS PATTERN NO.   9[00m CYCLE:  66
[38;5;21mPASS PATTERN NO.  10[00m CYCLE: 110
[38;5;56mPASS PATTERN NO.  11[00m CYCLE:  64
[38;5;91mPASS PATTERN NO.  12[00m CYCLE:  92
[38;5;126mPASS PATTERN NO.  13[00m CYCLE:  74
[38;5;161mPASS PATTERN NO.  14[00m CYCLE: 134
[38;5;196mPASS PATTERN NO.  15[00m CYCLE: 126
[38;5;166mPASS PATTERN NO.  16[00m CYCLE: 126
[38;5;136mPASS PATTERN NO.  17[00m CYCLE: 134
[38;5;106mPASS PATTERN NO.  18[00m CYCLE:  43
[38;5;76mPASS PATTERN NO.  19[00m CYCLE:  88
[38;5;46mPASS PATTERN NO.  20[00m CYCLE:  90
[38;5;41mPASS PATTERN NO.  21[00m CYCLE: 120
[38;5;36mPASS PATTERN NO.  22[00m CYCLE:  94
[38;5;31mPASS PATTERN NO.  23[00m CYCLE:  68
[38;5;26mPASS PATTERN NO.  24[00m CYCLE: 132
[38;5;21mPASS PATTERN NO.  25[00m CYCLE:  47
[38;5;56mPASS PATTERN NO.  26[00m CYCLE:  59
[38;5;91mPASS PATTERN NO.  27[00m CYCLE:  84
[38;5;126mPASS PATTERN NO.  28[00m CYCLE: 104
[38;5;161mPASS PATTERN NO.  29[00m CYCLE:  92
[38;5;196mPASS PATTERN NO.  30[00m CYCLE:  74
[38;5;166mPASS PATTERN NO.  31[00m CYCLE: 132
[38;5;136mPASS PATTERN NO.  32[00m CYCLE: 116
[38;5;106mPASS PATTERN NO.  33[00m CYCLE:  96
[38;5;76mPASS PATTERN NO.  34[00m CYCLE: 116
[38;5;46mPASS PATTERN NO.  35[00m CYCLE:  51
[38;5;41mPASS PATTERN NO.  36[00m CYCLE:  96
[38;5;36mPASS PATTERN NO.  37[00m CYCLE: 124
[38;5;31mPASS PATTERN NO.  38[00m CYCLE: 138
[38;5;26mPASS PATTERN NO.  39[00m CYCLE:  74
[38;5;21mPASS PATTERN NO.  40[00m CYCLE:  90
[38;5;56mPASS PATTERN NO.  41[00m CYCLE:  64
[38;5;91mPASS PATTERN NO.  42[00m CYCLE: 128
[38;5;126mPASS PATTERN NO.  43[00m CYCLE: 104
[38;5;161mPASS PATTERN NO.  44[00m CYCLE:  47
[38;5;196mPASS PATTERN NO.  45[00m CYCLE:  90
[38;5;166mPASS PATTERN NO.  46[00m CYCLE:  64
[38;5;136mPASS PATTERN NO.  47[00m CYCLE:  55
[38;5;106mPASS PATTERN NO.  48[00m CYCLE:  74
[38;5;76mPASS PATTERN NO.  49[00m CYCLE: 122
[38;5;46mPASS PATTERN NO.  50[00m CYCLE: 114
[38;5;41mPASS PATTERN NO.  51[00m CYCLE: 100
[38;5;36mPASS PATTERN NO.  52[00m CYCLE: 126
[38;5;31mPASS PATTERN NO.  53[00m CYCLE:  86
[38;5;26mPASS PATTERN NO.  54[00m CYCLE:  80
[38;5;21mPASS PATTERN NO.  55[00m CYCLE:  47
[38;5;56mPASS PATTERN NO.  56[00m CYCLE: 100
[38;5;91mPASS PATTERN NO.  57[00m CYCLE:  62
[38;5;126mPASS PATTERN NO.  58[00m CYCLE: 116
[38;5;161mPASS PATTERN NO.  59[00m CYCLE: 112
[38;5;196mPASS PATTERN NO.  60[00m CYCLE:  74
[38;5;166mPASS PATTERN NO.  61[00m CYCLE:  66
[38;5;136mPASS PATTERN NO.  62[00m CYCLE: 122
[38;5;106mPASS PATTERN NO.  63[00m CYCLE:  72
[38;5;76mPASS PATTERN NO.  64[00m CYCLE: 134
[38;5;46mPASS PATTERN NO.  65[00m CYCLE: 132
[38;5;41mPASS PATTERN NO.  66[00m CYCLE: 122
[38;5;36mPASS PATTERN NO.  67[00m CYCLE: 124
[38;5;31mPASS PATTERN NO.  68[00m CYCLE:  56
[38;5;26mPASS PATTERN NO.  69[00m CYCLE:  74
[38;5;21mPASS PATTERN NO.  70[00m CYCLE: 108
[38;5;56mPASS PATTERN NO.  71[00m CYCLE: 140
[38;5;91mPASS PATTERN NO.  72[00m CYCLE:  78
[38;5;126mPASS PATTERN NO.  73[00m CYCLE:  75
[38;5;161mPASS PATTERN NO.  74[00m CYCLE:  43
[38;5;196mPASS PATTERN NO.  75[00m CYCLE:  58
[38;5;166mPASS PATTERN NO.  76[00m CYCLE: 110
[38;5;136mPASS PATTERN NO.  77[00m CYCLE:  96
[38;5;106mPASS PATTERN NO.  78[00m CYCLE:  52
[38;5;76mPASS PATTERN NO.  79[00m CYCLE:  67
[38;5;46mPASS PATTERN NO.  80[00m CYCLE:  86
[38;5;41mPASS PATTERN NO.  81[00m CYCLE:  68
[38;5;36mPASS PATTERN NO.  82[00m CYCLE: 116
[38;5;31mPASS PATTERN NO.  83[00m CYCLE: 126
[38;5;26mPASS PATTERN NO.  84[00m CYCLE: 146
[38;5;21mPASS PATTERN NO.  85[00m CYCLE:  60
[38;5;56mPASS PATTERN NO.  86[00m CYCLE: 134
[38;5;91mPASS PATTERN NO.  87[00m CYCLE: 106
[38;5;126mPASS PATTERN NO.  88[00m CYCLE:  78
[38;5;161mPASS PATTERN NO.  89[00m CYCLE: 126
[38;5;196mPASS PATTERN NO.  90[00m CYCLE:  78
[38;5;166mPASS PATTERN NO.  91[00m CYCLE:  94
[38;5;136mPASS PATTERN NO.  92[00m CYCLE:  52
[38;5;106mPASS PATTERN NO.  93[00m CYCLE: 132
[38;5;76mPASS PATTERN NO.  94[00m CYCLE:  87
[38;5;46mPASS PATTERN NO.  95[00m CYCLE: 142
[38;5;41mPASS PATTERN NO.  96[00m CYCLE: 118
[38;5;36mPASS PATTERN NO.  97[00m CYCLE: 132
[38;5;31mPASS PATTERN NO.  98[00m CYCLE:  55
[38;5;26mPASS PATTERN NO.  99[00m CYCLE:  72
[38;5;21mPASS PATTERN NO. 100[00m CYCLE:  94
[38;5;56mPASS PATTERN NO. 101[00m CYCLE: 144
[38;5;91mPASS PATTERN NO. 102[00m CYCLE: 118
[38;5;126mPASS PATTERN NO. 103[00m CYCLE:  71
[38;5;161mPASS PATTERN NO. 104[00m CYCLE: 122
[38;5;196mPASS PATTERN NO. 105[00m CYCLE:  64
[38;5;166mPASS PATTERN NO. 106[00m CYCLE: 116
[38;5;136mPASS PATTERN NO. 107[00m CYCLE: 120
[38;5;106mPASS PATTERN NO. 108[00m CYCLE: 130
[38;5;76mPASS PATTERN NO. 109[00m CYCLE: 126
[38;5;46mPASS PATTERN NO. 110[00m CYCLE: 112
[38;5;41mPASS PATTERN NO. 111[00m CYCLE:  55
[38;5;36mPASS PATTERN NO. 112[00m CYCLE:  84
[38;5;31mPASS PATTERN NO. 113[00m CYCLE:  74
[38;5;26mPASS PATTERN NO. 114[00m CYCLE: 120
[38;5;21mPASS PATTERN NO. 115[00m CYCLE:  62
[38;5;56mPASS PATTERN NO. 116[00m CYCLE: 140
[38;5;91mPASS PATTERN NO. 117[00m CYCLE: 132
[38;5;126mPASS PATTERN NO. 118[00m CYCLE:  92
[38;5;161mPASS PATTERN NO. 119[00m CYCLE:  94
[38;5;196mPASS PATTERN NO. 120[00m CYCLE:  84
[38;5;166mPASS PATTERN NO. 121[00m CYCLE:  72
[38;5;136mPASS PATTERN NO. 122[00m CYCLE: 126
[38;5;106mPASS PATTERN NO. 123[00m CYCLE: 114
[38;5;76mPASS PATTERN NO. 124[00m CYCLE:  59
[38;5;46mPASS PATTERN NO. 125[00m CYCLE:  92
[38;5;41mPASS PATTERN NO. 126[00m CYCLE:  55
[38;5;36mPASS PATTERN NO. 127[00m CYCLE: 132
[38;5;31mPASS PATTERN NO. 128[00m CYCLE: 126
[38;5;26mPASS PATTERN NO. 129[00m CYCLE:  82
[38;5;21mPASS PATTERN NO. 130[00m CYCLE: 118
[38;5;56mPASS PATTERN NO. 131[00m CYCLE:  60
[38;5;91mPASS PATTERN NO. 132[00m CYCLE: 100
[38;5;126mPASS PATTERN NO. 133[00m CYCLE: 120
[38;5;161mPASS PATTERN NO. 134[00m CYCLE: 134
[38;5;196mPASS PATTERN NO. 135[00m CYCLE: 132
[38;5;166mPASS PATTERN NO. 136[00m CYCLE: 134
[38;5;136mPASS PATTERN NO. 137[00m CYCLE: 106
[38;5;106mPASS PATTERN NO. 138[00m CYCLE: 108
[38;5;76mPASS PATTERN NO. 139[00m CYCLE:  96
[38;5;46mPASS PATTERN NO. 140[00m CYCLE:  56
[38;5;41mPASS PATTERN NO. 141[00m CYCLE:  66
[38;5;36mPASS PATTERN NO. 142[00m CYCLE: 120
[38;5;31mPASS PATTERN NO. 143[00m CYCLE: 114
[38;5;26mPASS PATTERN NO. 144[00m CYCLE:  94
[38;5;21mPASS PATTERN NO. 145[00m CYCLE:  43
[38;5;56mPASS PATTERN NO. 146[00m CYCLE:  74
[38;5;91mPASS PATTERN NO. 147[00m CYCLE:  43
[38;5;126mPASS PATTERN NO. 148[00m CYCLE: 110
[38;5;161mPASS PATTERN NO. 149[00m CYCLE: 110
[38;5;196mPASS PATTERN NO. 150[00m CYCLE:  67
[38;5;166mPASS PATTERN NO. 151[00m CYCLE:  64
[38;5;136mPASS PATTERN NO. 152[00m CYCLE:  62
[38;5;106mPASS PATTERN NO. 153[00m CYCLE:  71
[38;5;76mPASS PATTERN NO. 154[00m CYCLE: 106
[38;5;46mPASS PATTERN NO. 155[00m CYCLE:  92
[38;5;41mPASS PATTERN NO. 156[00m CYCLE:  86
[38;5;36mPASS PATTERN NO. 157[00m CYCLE: 104
[38;5;31mPASS PATTERN NO. 158[00m CYCLE:  88
[38;5;26mPASS PATTERN NO. 159[00m CYCLE:  52
[38;5;21mPASS PATTERN NO. 160[00m CYCLE: 124
[38;5;56mPASS PATTERN NO. 161[00m CYCLE: 122
[38;5;91mPASS PATTERN NO. 162[00m CYCLE: 132
[38;5;126mPASS PATTERN NO. 163[00m CYCLE: 124
[38;5;161mPASS PATTERN NO. 164[00m CYCLE:  64
[38;5;196mPASS PATTERN NO. 165[00m CYCLE: 102
[38;5;166mPASS PATTERN NO. 166[00m CYCLE: 106
[38;5;136mPASS PATTERN NO. 167[00m CYCLE: 106
[38;5;106mPASS PATTERN NO. 168[00m CYCLE:  92
[38;5;76mPASS PATTERN NO. 169[00m CYCLE:  98
[38;5;46mPASS PATTERN NO. 170[00m CYCLE: 122
[38;5;41mPASS PATTERN NO. 171[00m CYCLE:  84
[38;5;36mPASS PATTERN NO. 172[00m CYCLE:  67
[38;5;31mPASS PATTERN NO. 173[00m CYCLE: 100
[38;5;26mPASS PATTERN NO. 174[00m CYCLE: 120
[38;5;21mPASS PATTERN NO. 175[00m CYCLE:  48
[38;5;56mPASS PATTERN NO. 176[00m CYCLE: 130
[38;5;91mPASS PATTERN NO. 177[00m CYCLE:  71
[38;5;126mPASS PATTERN NO. 178[00m CYCLE:  94
[38;5;161mPASS PATTERN NO. 179[00m CYCLE: 124
[38;5;196mPASS PATTERN NO. 180[00m CYCLE: 108
[38;5;166mPASS PATTERN NO. 181[00m CYCLE:  86
[38;5;136mPASS PATTERN NO. 182[00m CYCLE:  51
[38;5;106mPASS PATTERN NO. 183[00m CYCLE:  80
[38;5;76mPASS PATTERN NO. 184[00m CYCLE: 108
[38;5;46mPASS PATTERN NO. 185[00m CYCLE: 106
[38;5;41mPASS PATTERN NO. 186[00m CYCLE: 116
[38;5;36mPASS PATTERN NO. 187[00m CYCLE:  98
[38;5;31mPASS PATTERN NO. 188[00m CYCLE:  88
[38;5;26mPASS PATTERN NO. 189[00m CYCLE:  71
[38;5;21mPASS PATTERN NO. 190[00m CYCLE: 100
[38;5;56mPASS PATTERN NO. 191[00m CYCLE:  86
[38;5;91mPASS PATTERN NO. 192[00m CYCLE:  88
[38;5;126mPASS PATTERN NO. 193[00m CYCLE: 138
[38;5;161mPASS PATTERN NO. 194[00m CYCLE: 110
[38;5;196mPASS PATTERN NO. 195[00m CYCLE: 115
[38;5;166mPASS PATTERN NO. 196[00m CYCLE: 116
[38;5;136mPASS PATTERN NO. 197[00m CYCLE: 106
[38;5;106mPASS PATTERN NO. 198[00m CYCLE:  84
[38;5;76mPASS PATTERN NO. 199[00m CYCLE:  70
[38;5;46mPASS PATTERN NO. 200[00m CYCLE: 128
[38;5;41mPASS PATTERN NO. 201[00m CYCLE: 118
[38;5;36mPASS PATTERN NO. 202[00m CYCLE:  95
[38;5;31mPASS PATTERN NO. 203[00m CYCLE: 114
[38;5;26mPASS PATTERN NO. 204[00m CYCLE:  63
[38;5;21mPASS PATTERN NO. 205[00m CYCLE: 102
[38;5;56mPASS PATTERN NO. 206[00m CYCLE:  64
[38;5;91mPASS PATTERN NO. 207[00m CYCLE: 106
[38;5;126mPASS PATTERN NO. 208[00m CYCLE: 104
[38;5;161mPASS PATTERN NO. 209[00m CYCLE:  96
[38;5;196mPASS PATTERN NO. 210[00m CYCLE: 134
[38;5;166mPASS PATTERN NO. 211[00m CYCLE: 132
[38;5;136mPASS PATTERN NO. 212[00m CYCLE:  90
[38;5;106mPASS PATTERN NO. 213[00m CYCLE:  94
[38;5;76mPASS PATTERN NO. 214[00m CYCLE: 126
[38;5;46mPASS PATTERN NO. 215[00m CYCLE: 108
[38;5;41mPASS PATTERN NO. 216[00m CYCLE: 122
[38;5;36mPASS PATTERN NO. 217[00m CYCLE: 118
[38;5;31mPASS PATTERN NO. 218[00m CYCLE:  71
[38;5;26mPASS PATTERN NO. 219[00m CYCLE: 142
[38;5;21mPASS PATTERN NO. 220[00m CYCLE:  55
[38;5;56mPASS PATTERN NO. 221[00m CYCLE:  47
[38;5;91mPASS PATTERN NO. 222[00m CYCLE: 130
[38;5;126mPASS PATTERN NO. 223[00m CYCLE: 116
[38;5;161mPASS PATTERN NO. 224[00m CYCLE: 124
[38;5;196mPASS PATTERN NO. 225[00m CYCLE: 144
[38;5;166mPASS PATTERN NO. 226[00m CYCLE: 116
[38;5;136mPASS PATTERN NO. 227[00m CYCLE:  75
[38;5;106mPASS PATTERN NO. 228[00m CYCLE:  96
[38;5;76mPASS PATTERN NO. 229[00m CYCLE: 118
[38;5;46mPASS PATTERN NO. 230[00m CYCLE: 132
[38;5;41mPASS PATTERN NO. 231[00m CYCLE: 100
[38;5;36mPASS PATTERN NO. 232[00m CYCLE: 112
[38;5;31mPASS PATTERN NO. 233[00m CYCLE:  96
[38;5;26mPASS PATTERN NO. 234[00m CYCLE: 118
[38;5;21mPASS PATTERN NO. 235[00m CYCLE:  76
[38;5;56mPASS PATTERN NO. 236[00m CYCLE: 136
[38;5;91mPASS PATTERN NO. 237[00m CYCLE: 128
[38;5;126mPASS PATTERN NO. 238[00m CYCLE: 100
[38;5;161mPASS PATTERN NO. 239[00m CYCLE:  96
[38;5;196mPASS PATTERN NO. 240[00m CYCLE: 128
[38;5;166mPASS PATTERN NO. 241[00m CYCLE: 126
[38;5;136mPASS PATTERN NO. 242[00m CYCLE:  96
[38;5;106mPASS PATTERN NO. 243[00m CYCLE: 102
[38;5;76mPASS PATTERN NO. 244[00m CYCLE: 124
[38;5;46mPASS PATTERN NO. 245[00m CYCLE:  62
[38;5;41mPASS PATTERN NO. 246[00m CYCLE:  72
[38;5;36mPASS PATTERN NO. 247[00m CYCLE: 118
[38;5;31mPASS PATTERN NO. 248[00m CYCLE: 122
[38;5;26mPASS PATTERN NO. 249[00m CYCLE: 116
[38;5;21mPASS PATTERN NO. 250[00m CYCLE: 108
[38;5;56mPASS PATTERN NO. 251[00m CYCLE: 118
[38;5;91mPASS PATTERN NO. 252[00m CYCLE: 116
[38;5;126mPASS PATTERN NO. 253[00m CYCLE: 138
[38;5;161mPASS PATTERN NO. 254[00m CYCLE: 104
[38;5;196mPASS PATTERN NO. 255[00m CYCLE: 108
[38;5;166mPASS PATTERN NO. 256[00m CYCLE: 108
[38;5;136mPASS PATTERN NO. 257[00m CYCLE:  92
[38;5;106mPASS PATTERN NO. 258[00m CYCLE:  84
[38;5;76mPASS PATTERN NO. 259[0