Time resolution is 1 ps
[0;34mPASS PATTERN NO.   0,[m [0;32mexecution cycle :   5[m
[0;34mPASS PATTERN NO.   1,[m [0;32mexecution cycle :  36[m
[0;34mPASS PATTERN NO.   2,[m [0;32mexecution cycle :  53[m
[0;34mPASS PATTERN NO.   3,[m [0;32mexecution cycle :   5[m
[0;34mPASS PATTERN NO.   4,[m [0;32mexecution cycle :   5[m
[0;34mPASS PATTERN NO.   5,[m [0;32mexecution cycle :  46[m
[0;34mPASS PATTERN NO.   6,[m [0;32mexecution cycle :   6[m
[0;34mPASS PATTERN NO.   7,[m [0;32mexecution cycle :   5[m
[0;34mPASS PATTERN NO.   8,[m [0;32mexecution cycle :  46[m
[0;34mPASS PATTERN NO.   9,[m [0;32mexecution cycle :  52[m
[0;34mPASS PATTERN NO.  10,[m [0;32mexecution cycle :   5[m
[0;34mPASS PATTERN NO.  11,[m [0;32mexecution cycle :   5[m
[0;34mPASS PATTERN NO.  12,[m [0;32mexecution cycle :   5[m
[0;34mPASS PATTERN NO.  13,[m [0;32mexecution cycle :   5[m
[0;34mPASS PATTERN NO.  14,[m [0;32mexecution cycle :  45[m
[0;34mPASS PATTERN NO.  15,[m [0;32mexecution cycle :  36[m
[0;34mPASS PATTERN NO.  16,[m [0;32mexecution cycle :   5[m
[0;34mPASS PATTERN NO.  17,[m [0;32mexecution cycle :   5[m
[0;34mPASS PATTERN NO.  18,[m [0;32mexecution cycle :   5[m
[0;34mPASS PATTERN NO.  19,[m [0;32mexecution cycle :  49[m
[0;34mPASS PATTERN NO.  20,[m [0;32mexecution cycle :   5[m
[0;34mPASS PATTERN NO.  21,[m [0;32mexecution cycle :   5[m
[0;34mPASS PATTERN NO.  22,[m [0;32mexecution cycle :  48[m
[0;34mPASS PATTERN NO.  23,[m [0;32mexecution cycle :  35[m
[0;34mPASS PATTERN NO.  24,[m [0;32mexecution cycle :  48[m
[0;34mPASS PATTERN NO.  25,[m [0;32mexecution cycle :  54[m
[0;34mPASS PATTERN NO.  26,[m [0;32mexecution cycle :   5[m
[0;34mPASS PATTERN NO.  27,[m [0;32mexecution cycle :  44[m
[0;34mPASS PATTERN NO.  28,[m [0;32mexecution cycle :  46[m
[0;34mPASS PATTERN NO.  29,[m [0;32mexecution cycle :   5[m
[0;34mPASS PATTERN NO.  30,[m [0;32mexecution cycle :   5[m
[0;34mPASS PATTERN NO.  31,[m [0;32mexecution cycle :   5[m
[0;34mPASS PATTERN NO.  32,[m [0;32mexecution cycle :   5[m
[0;34mPASS PATTERN NO.  33,[m [0;32mexecution cycle :   5[m
[0;34mPASS PATTERN NO.  34,[m [0;32mexecution cycle :  43[m
[0;34mPASS PATTERN NO.  35,[m [0;32mexecution cycle :   5[m
[0;34mPASS PATTERN NO.  36,[m [0;32mexecution cycle :  51[m
[0;34mPASS PATTERN NO.  37,[m [0;32mexecution cycle :   5[m
[0;34mPASS PATTERN NO.  38,[m [0;32mexecution cycle :   5[m
[0;34mPASS PATTERN NO.  39,[m [0;32mexecution cycle :   5[m
[0;34mPASS PATTERN NO.  40,[m [0;32mexecution cycle :  50[m
[0;34mPASS PATTERN NO.  41,[m [0;32mexecution cycle :   6[m
[0;34mPASS PATTERN NO.  42,[m [0;32mexecution cycle :  47[m
[0;34mPASS PATTERN NO.  43,[m [0;32mexecution cycle :   5[m
[0;34mPASS PATTERN NO.  44,[m [0;32mexecution cycle :   5[m
[0;34mPASS PATTERN NO.  45,[m [0;32mexecution cycle :  38[m
[0;34mPASS PATTERN NO.  46,[m [0;32mexecution cycle :   8[m
[0;34mPASS PATTERN NO.  47,[m [0;32mexecution cycle :   5[m
[0;34mPASS PATTERN NO.  48,[m [0;32mexecution cycle :  54[m
[0;34mPASS PATTERN NO.  49,[m [0;32mexecution cycle :   5[m
[0;34mPASS PATTERN NO.  50,[m [0;32mexecution cycle :   4[m
[0;34mPASS PATTERN NO.  51,[m [0;32mexecution cycle :   4[m
[0;34mPASS PATTERN NO.  52,[m [0;32mexecution cycle :   5[m
[0;34mPASS PATTERN NO.  53,[m [0;32mexecution cycle :   4[m
[0;34mPASS PATTERN NO.  54,[m [0;32mexecution cycle :   5[m
[0;34mPASS PATTERN NO.  55,[m [0;32mexecution cycle :   5[m
[0;34mPASS PATTERN NO.  56,[m [0;32mexecution cycle :  10[m
[0;34mPASS PATTERN NO.  57,[m [0;32mexecution cycle :   8[m
[0;34mPASS PATTERN NO.  58,[m [0;32mexecution cycle :  11[m
[0;34mPASS PATTERN NO.  59,[m [0;32mexecution cycle :   5[m
[0;34mPASS PATTERN NO.  60,[m [0;32mexecution cycle :   5[m
[0;34mPASS PATTERN NO.  61,[m [0;32mexecution cycle :   5[m
[0;34mPASS PATTERN NO.  62,[m [0;32mexecution cycle :   4[m
[0;34mPASS PATTERN NO.  63,[m [0;32mexecution cycle :   5[m
[0;34mPASS PATTERN NO.  64,[m [0;32mexecution cycle :   9[m
[0;34mPASS PATTERN NO.  65,[m [0;32mexecution cycle :   6[m
[0;34mPASS PATTERN NO.  66,[m [0;32mexecution cycle :   9[m
[0;34mPASS PATTERN NO.  67,[m [0;32mexecution cycle :   6[m
[0;34mPASS PATTERN NO.  68,[m [0;32mexecution cycle :   5[m
[0;34mPASS PATTERN NO.  69,[m [0;32mexecution cycle :   9[m
[0;34mPASS PATTERN NO.  70,[m [0;32mexecution cycle :   7[m
[0;34mPASS PATTERN NO.  71,[m [0;32mexecution cycle :   4[m
[0;34mPASS PATTERN NO.  72,[m [0;32mexecution cycle :  11[m
[0;34mPASS PATTERN NO.  73,[m [0;32mexecution cycle :   4[m
[0;34mPASS PATTERN NO.  74,[m [0;32mexecution cycle :   7[m
[0;34mPASS PATTERN NO.  75,[m [0;32mexecution cycle :   5[m
[0;34mPASS PATTERN NO.  76,[m [0;32mexecution cycle :   7[m
[0;34mPASS PATTERN NO.  77,[m [0;32mexecution cycle :   5[m
[0;34mPASS PATTERN NO.  78,[m [0;32mexecution cycle :   8[m
[0;34mPASS PATTERN NO.  79,[m [0;32mexecution cycle :   7[m
[0;34mPASS PATTERN NO.  80,[m [0;32mexecution cycle :   6[m
[0;34mPASS PATTERN NO.  81,[m [0;32mexecution cycle :   4[m
[0;34mPASS PATTERN NO.  82,[m [0;32mexecution cycle :   9[m
[0;34mPASS PATTERN NO.  83,[m [0;32mexecution cycle :  10[m
[0;34mPASS PATTERN NO.  84,[m [0;32mexecution cycle :   9[m
[0;34mPASS PATTERN NO.  85,[m [0;32mexecution cycle :   5[m
[0;34mPASS PATTERN NO.  86,[m [0;32mexecution cycle :   7[m
[0;34mPASS PATTERN NO.  87,[m [0;32mexecution cycle :  10[m
[0;34mPASS PATTERN NO.  88,[m [0;32mexecution cycle :   7[m
[0;34mPASS PATTERN NO.  89,[m [0;32mexecution cycle :   5[m
[0;34mPASS PATTERN NO.  90,[m [0;32mexecution cycle :   9[m
[0;34mPASS PATTERN NO.  91,[m [0;32mexecution cycle :   5[m
[0;34mPASS PATTERN NO.  92,[m [0;32mexecution cycle :   6[m
[0;34mPASS PATTERN NO.  93,[m [0;32mexecution cycle :   6[m
[0;34mPASS PATTERN NO.  94,[m [0;32mexecution cycle :   7[m
[0;34mPASS PATTERN NO.  95,[m [0;32mexecution cycle :   4[m
[0;34mPASS PATTERN NO.  96,[m [0;32mexecution cycle :   9[m
[0;34mPASS PATTERN NO.  97,[m [0;32mexecution cycle :   7[m
[0;34mPASS PATTERN NO.  98,[m [0;32mexecution cycle :   5[m
[0;34mPASS PATTERN NO.  99,[m [0;32mexecution cycle :   5[m
[0;34mPASS PATTERN NO. 100,[m [0;32mexecution cycle :  19[m
[0;34mPASS PATTERN NO. 101,[m [0;32mexecution cycle :  32[m
[0;34mPASS PATTERN NO. 102,[m [0;32mexecution cycle :   8[m
[0;34mPASS PATTERN NO. 103,[m [0;32mexecution cycle :   9[m
[0;34mPASS PATTERN NO. 104,[m [0;32mexecution cycle :   8[m
[0;34mPASS PATTERN NO. 105,[m [0;32mexecution cycle :  18[m
[0;34mPASS PATTERN NO. 106,[m [0;32mexecution cycle :  10[m
[0;34mPASS PATTERN NO. 107,[m [0;32mexecution cycle :  10[m
[0;34mPASS PATTERN NO. 108,[m [0;32mexecution cycle :  12[m
[0;34mPASS PATTERN NO. 109,[m [0;32mexecution cycle :  11[m
[0;34mPASS PATTERN NO. 110,[m [0;32mexecution cycle :  14[m
[0;34mPASS PATTERN NO. 111,[m [0;32mexecution cycle :  20[m
[0;34mPASS PATTERN NO. 112,[m [0;32mexecution cycle :  21[m
[0;34mPASS PATTERN NO. 113,[m [0;32mexecution cycle :   8[m
[0;34mPASS PATTERN NO. 114,[m [0;32mexecution cycle :  19[m
[0;34mPASS PATTERN NO. 115,[m [0;32mexecution cycle :  17[m
[0;34mPASS PATTERN NO. 116,[m [0;32mexecution cycle :  19[m
[0;34mPASS PATTERN NO. 117,[m [0;32mexecution cycle :  11[m
[0;34mPASS PATTERN NO. 118,[m [0;32mexecution cycle :  19[m
[0;34mPASS PATTERN NO. 119,[m [0;32mexecution cycle :  39[m
[0;34mPASS PATTERN NO. 120,[m [0;32mexecution cycle :  14[m
[0;34mPASS PATTERN NO. 121,[m [0;32mexecution cycle :  15[m
[0;34mPASS PATTERN NO. 122,[m [0;32mexecution cycle :  12[m
------------------------------------------------------------------------------------------------------------------------------------------
                                                                      FAIL!                                                               
                  