Time resolution is 1 ps
[38;5;166mPASS PATTERN NO.   1[00m
[38;5;136mPASS PATTERN NO.   2[00m
[38;5;106mPASS PATTERN NO.   3[00m
[38;5;76mPASS PATTERN NO.   4[00m
[38;5;46mPASS PATTERN NO.   5[00m
[38;5;41mPASS PATTERN NO.   6[00m
[38;5;36mPASS PATTERN NO.   7[00m
[38;5;31mPASS PATTERN NO.   8[00m
[38;5;26mPASS PATTERN NO.   9[00m
[38;5;21mPASS PATTERN NO.  10[00m
[38;5;56mPASS PATTERN NO.  11[00m
[38;5;91mPASS PATTERN NO.  12[00m
[38;5;126mPASS PATTERN NO.  13[00m
[38;5;161mPASS PATTERN NO.  14[00m
[38;5;196mPASS PATTERN NO.  15[00m
[38;5;166mPASS PATTERN NO.  16[00m
[38;5;136mPASS PATTERN NO.  17[00m
[38;5;106mPASS PATTERN NO.  18[00m
[38;5;76mPASS PATTERN NO.  19[00m
[38;5;46mPASS PATTERN NO.  20[00m
[38;5;41mPASS PATTERN NO.  21[00m
[38;5;36mPASS PATTERN NO.  22[00m
[38;5;31mPASS PATTERN NO.  23[00m
[38;5;26mPASS PATTERN NO.  24[00m
[38;5;21mPASS PATTERN NO.  25[00m
[38;5;56mPASS PATTERN NO.  26[00m
[38;5;91mPASS PATTERN NO.  27[00m
[38;5;126mPASS PATTERN NO.  28[00m
[38;5;161mPASS PATTERN NO.  29[00m
[38;5;196mPASS PATTERN NO.  30[00m
[38;5;166mPASS PATTERN NO.  31[00m
[38;5;136mPASS PATTERN NO.  32[00m
[38;5;106mPASS PATTERN NO.  33[00m
[38;5;76mPASS PATTERN NO.  34[00m
[38;5;46mPASS PATTERN NO.  35[00m
[38;5;41mPASS PATTERN NO.  36[00m
[38;5;36mPASS PATTERN NO.  37[00m
[38;5;31mPASS PATTERN NO.  38[00m
[38;5;26mPASS PATTERN NO.  39[00m
[38;5;21mPASS PATTERN NO.  40[00m
[38;5;56mPASS PATTERN NO.  41[00m
[38;5;91mPASS PATTERN NO.  42[00m
[38;5;126mPASS PATTERN NO.  43[00m
[38;5;161mPASS PATTERN NO.  44[00m
[38;5;196mPASS PATTERN NO.  45[00m
[38;5;166mPASS PATTERN NO.  46[00m
[38;5;136mPASS PATTERN NO.  47[00m
[38;5;106mPASS PATTERN NO.  48[00m
[38;5;76mPASS PATTERN NO.  49[00m
[38;5;46mPASS PATTERN NO.  50[00m
[38;5;41mPASS PATTERN NO.  51[00m
[38;5;36mPASS PATTERN NO.  52[00m
[38;5;31mPASS PATTERN NO.  53[00m
[38;5;26mPASS PATTERN NO.  54[00m
[38;5;21mPASS PATTERN NO.  55[00m
[38;5;56mPASS PATTERN NO.  56[00m
[38;5;91mPASS PATTERN NO.  57[00m
[38;5;126mPASS PATTERN NO.  58[00m
[38;5;161mPASS PATTERN NO.  59[00m
[38;5;196mPASS PATTERN NO.  60[00m
[38;5;166mPASS PATTERN NO.  61[00m
[38;5;136mPASS PATTERN NO.  62[00m
[38;5;106mPASS PATTERN NO.  63[00m
[38;5;76mPASS PATTERN NO.  64[00m
[38;5;46mPASS PATTERN NO.  65[00m
[38;5;41mPASS PATTERN NO.  66[00m
[38;5;36mPASS PATTERN NO.  67[00m
[38;5;31mPASS PATTERN NO.  68[00m
[38;5;26mPASS PATTERN NO.  69[00m
[38;5;21mPASS PATTERN NO.  70[00m
[38;5;56mPASS PATTERN NO.  71[00m
[38;5;91mPASS PATTERN NO.  72[00m
[38;5;126mPASS PATTERN NO.  73[00m
[38;5;161mPASS PATTERN NO.  74[00m
[38;5;196mPASS PATTERN NO.  75[00m
[38;5;166mPASS PATTERN NO.  76[00m
[38;5;136mPASS PATTERN NO.  77[00m
[38;5;106mPASS PATTERN NO.  78[00m
[38;5;76mPASS PATTERN NO.  79[00m
[38;5;46mPASS PATTERN NO.  80[00m
[38;5;41mPASS PATTERN NO.  81[00m
[38;5;36mPASS PATTERN NO.  82[00m
[38;5;31mPASS PATTERN NO.  83[00m
[38;5;26mPASS PATTERN NO.  84[00m
[38;5;21mPASS PATTERN NO.  85[00m
[38;5;56mPASS PATTERN NO.  86[00m
[38;5;91mPASS PATTERN NO.  87[00m
[38;5;126mPASS PATTERN NO.  88[00m
[38;5;161mPASS PATTERN NO.  89[00m
[38;5;196mPASS PATTERN NO.  90[00m
[38;5;166mPASS PATTERN NO.  91[00m
[38;5;136mPASS PATTERN NO.  92[00m
[38;5;106mPASS PATTERN NO.  93[00m
[38;5;76mPASS PATTERN NO.  94[00m
[38;5;46mPASS PATTERN NO.  95[00m
[38;5;41mPASS PATTERN NO.  96[00m
[38;5;36mPASS PATTERN NO.  97[00m
[38;5;31mPASS PATTERN NO.  98[00m
[38;5;26mPASS PATTERN NO.  99[00m
[38;5;21mPASS PATTERN NO. 100[00m
----------------------------------------------------------------------------------------------------------------------
                                                  Congratulations!                                                    
                                           You have passed all patterns!                                              
                                                                                                                      
                                        Your execution cycles   = 12443 cycles                                          
                                        Your clock period       = 10.0 ns                                             
                                        Total latency           = 125430.0 ns                                             
----------------------------------------------------------------------------------------------------------------------
$finish called at time : 507220 ns : File "C:/Users/jacky/Desktop/EECS_LAB_TRAINING/EECS_LAB_TRAINING/lab4/PATTERN.v" Line 348
